<?xml version="1.0" encoding="UTF-8"?>
<!-- Generated by org.testng.reporters.JUnitReportReporter -->
<testsuite hostname="HeartPC" failures="0" tests="1" name="Selenium.TricentisObstcaleCourse.Easy" time="11.519" errors="0" timestamp="08 Dec 2022 06:56:35 GMT" skipped="0">
  <testcase classname="Selenium.TricentisObstcaleCourse.Easy" name="hiddenElement" time="11.519"/>
</testsuite> <!-- Selenium.TricentisObstcaleCourse.Easy -->
