<?xml version="1.0" encoding="UTF-8"?>
<!-- Generated by org.testng.reporters.JUnitReportReporter -->
<testsuite hostname="HeartPC" failures="0" tests="13" name="Selenium.TricentisObstcaleCourse.EasyTest" time="127.853" errors="0" timestamp="08 Dec 2022 07:47:28 GMT" skipped="0">
  <testcase classname="Selenium.TricentisObstcaleCourse.EasyTest" name="meethingScheduler" time="8.852"/>
  <testcase classname="Selenium.TricentisObstcaleCourse.EasyTest" name="theObvious" time="9.639"/>
  <testcase classname="Selenium.TricentisObstcaleCourse.EasyTest" name="waitAMoment" time="22.051"/>
  <testcase classname="Selenium.TricentisObstcaleCourse.EasyTest" name="idsAreNotEverything" time="7.674"/>
  <testcase classname="Selenium.TricentisObstcaleCourse.EasyTest" name="findAndFill" time="10.055"/>
  <testcase classname="Selenium.TricentisObstcaleCourse.EasyTest" name="popupWindows" time="7.285"/>
  <testcase classname="Selenium.TricentisObstcaleCourse.EasyTest" name="redStripe" time="9.581"/>
  <testcase classname="Selenium.TricentisObstcaleCourse.EasyTest" name="escape" time="8.659"/>
  <testcase classname="Selenium.TricentisObstcaleCourse.EasyTest" name="twins" time="9.195"/>
  <testcase classname="Selenium.TricentisObstcaleCourse.EasyTest" name="extractingText" time="8.294"/>
  <testcase classname="Selenium.TricentisObstcaleCourse.EasyTest" name="futureChristmas" time="7.942"/>
  <testcase classname="Selenium.TricentisObstcaleCourse.EasyTest" name="hiddenElement" time="9.407"/>
  <testcase classname="Selenium.TricentisObstcaleCourse.EasyTest" name="tomorrow" time="9.219"/>
</testsuite> <!-- Selenium.TricentisObstcaleCourse.EasyTest -->
